<?xml version="1.0" encoding="UTF-8"?>
<robot generator="Robot 5.0.1 (Python 3.9.13 on darwin)" generated="20220705 11:41:34.146" rpa="false" schemaversion="3">
<suite id="s1" name="Amazon Tests" source="/Users/viniciustenorio/dev/robot/robot/webtesting/amazon_tests.robot">
<test id="s1-t1" name="Caso de Teste 01 - Acesso ao menu eletronicos" line="10">
<kw name="Abrir o navegador" library="amazon_resources" type="SETUP">
<kw name="Open Browser" library="SeleniumLibrary">
<arg>browser=chrome</arg>
<arg>service_log_path=logs</arg>
<doc>Opens a new browser instance to the optional ``url``.</doc>
<msg timestamp="20220705 11:41:34.280" level="INFO">Opening browser 'chrome' to base url 'None'.</msg>
<msg timestamp="20220705 11:41:34.280" level="INFO">Browser driver log file created to: /Users/viniciustenorio/dev/robot/robot/webtesting/results/logs</msg>
<status status="PASS" starttime="20220705 11:41:34.280" endtime="20220705 11:41:35.630"/>
</kw>
<kw name="Maximize Browser Window" library="SeleniumLibrary">
<doc>Maximizes current browser window.</doc>
<status status="PASS" starttime="20220705 11:41:35.630" endtime="20220705 11:41:35.737"/>
</kw>
<status status="PASS" starttime="20220705 11:41:34.280" endtime="20220705 11:41:35.737"/>
</kw>
<kw name="Acessar o home page do site Amazon.com.br" library="amazon_resources">
<kw name="Go To" library="SeleniumLibrary">
<arg>${url}</arg>
<doc>Navigates the current browser window to the provided ``url``.</doc>
<msg timestamp="20220705 11:41:35.738" level="INFO">Opening url 'http://www.amazon.com.br'</msg>
<status status="PASS" starttime="20220705 11:41:35.738" endtime="20220705 11:41:36.900"/>
</kw>
<status status="PASS" starttime="20220705 11:41:35.737" endtime="20220705 11:41:36.900"/>
</kw>
<kw name="Entrar no menu &quot;Eletrônicos&quot;" library="amazon_resources">
<kw name="Wait Until Element Is Visible" library="SeleniumLibrary">
<arg>locator=${id_eletronicos}</arg>
<doc>Waits until the element ``locator`` is visible.</doc>
<status status="PASS" starttime="20220705 11:41:36.901" endtime="20220705 11:41:36.918"/>
</kw>
<kw name="Click Element" library="SeleniumLibrary">
<arg>locator=${id_eletronicos}</arg>
<doc>Click the element identified by ``locator``.</doc>
<msg timestamp="20220705 11:41:36.919" level="INFO">Clicking element '(//a[contains(@href,'electronics')])[1]'.</msg>
<status status="PASS" starttime="20220705 11:41:36.918" endtime="20220705 11:41:38.459"/>
</kw>
<status status="PASS" starttime="20220705 11:41:36.901" endtime="20220705 11:41:38.459"/>
</kw>
<kw name="Verificar se o titulo da pagina tem o valor &quot;Eletrônicos e Tecnologia&quot;" library="amazon_resources" sourcename="Verificar se o titulo da pagina tem o valor &quot;${SECAO}&quot;">
<kw name="Wait Until Page Contains" library="SeleniumLibrary">
<arg>text=${SECAO}</arg>
<doc>Waits until ``text`` appears on the current page.</doc>
<status status="PASS" starttime="20220705 11:41:38.460" endtime="20220705 11:41:38.512"/>
</kw>
<kw name="Wait Until Element Is Visible" library="SeleniumLibrary">
<arg>locator=${page_title}</arg>
<doc>Waits until the element ``locator`` is visible.</doc>
<status status="PASS" starttime="20220705 11:41:38.513" endtime="20220705 11:41:38.558"/>
</kw>
<status status="PASS" starttime="20220705 11:41:38.459" endtime="20220705 11:41:38.558"/>
</kw>
<kw name="Verificar se aparace a categoria &quot;Computadores e Informática&quot;" library="amazon_resources">
<kw name="Wait Until Page Contains" library="SeleniumLibrary">
<arg>text=${page_title_message}</arg>
<doc>Waits until ``text`` appears on the current page.</doc>
<status status="PASS" starttime="20220705 11:41:38.559" endtime="20220705 11:41:38.598"/>
</kw>
<kw name="Wait Until Element Is Visible" library="SeleniumLibrary">
<arg>locator=${computer_section}</arg>
<doc>Waits until the element ``locator`` is visible.</doc>
<status status="PASS" starttime="20220705 11:41:38.598" endtime="20220705 11:41:38.638"/>
</kw>
<status status="PASS" starttime="20220705 11:41:38.558" endtime="20220705 11:41:38.639"/>
</kw>
<kw name="Fechar o navegador" library="amazon_resources" type="TEARDOWN">
<kw name="Capture Page Screenshot" library="SeleniumLibrary">
<arg>filename=close.jpeg</arg>
<doc>Takes a screenshot of the current page and embeds it into a log file.</doc>
<msg timestamp="20220705 11:41:38.863" level="INFO" html="true">&lt;/td&gt;&lt;/tr&gt;&lt;tr&gt;&lt;td colspan="3"&gt;&lt;a href="close.jpeg"&gt;&lt;img src="close.jpeg" width="800px"&gt;&lt;/a&gt;</msg>
<msg timestamp="20220705 11:41:38.863" level="INFO">/usr/local/lib/python3.9/site-packages/selenium/webdriver/remote/webdriver.py:926: UserWarning: name used for saved screenshot does not match file type. It should end with a `.png` extension
  warnings.warn("name used for saved screenshot does not match file "</msg>
<status status="PASS" starttime="20220705 11:41:38.639" endtime="20220705 11:41:38.863"/>
</kw>
<kw name="Close Browser" library="SeleniumLibrary">
<doc>Closes the current browser.</doc>
<status status="PASS" starttime="20220705 11:41:38.864" endtime="20220705 11:41:38.964"/>
</kw>
<status status="PASS" starttime="20220705 11:41:38.639" endtime="20220705 11:41:38.964"/>
</kw>
<doc>Esse teste verifica o menu eletronicos do site da amazon.com.br
E verifica a categoria computadores</doc>
<tag>menus</tag>
<status status="PASS" starttime="20220705 11:41:34.279" endtime="20220705 11:41:38.965"/>
</test>
<doc>Essa suíte testa o site da amazon.com.br</doc>
<status status="PASS" starttime="20220705 11:41:34.147" endtime="20220705 11:41:38.965"/>
</suite>
<statistics>
<total>
<stat pass="1" fail="0" skip="0">All Tests</stat>
</total>
<tag>
<stat pass="1" fail="0" skip="0">menus</stat>
</tag>
<suite>
<stat pass="1" fail="0" skip="0" id="s1" name="Amazon Tests">Amazon Tests</stat>
</suite>
</statistics>
<errors>
</errors>
</robot>
